#-----------------------------------------------------------
# Vivado v2020.2 (64-bit)
# SW Build 3064766 on Wed Nov 18 09:12:47 MST 2020
# IP Build 3064653 on Wed Nov 18 14:17:31 MST 2020
# Start of session at: Fri Nov 24 17:30:08 2023
# Process ID: 2118467
# Current directory: /rhome/forystmj/CS256-project
# Command line: vivado
# Log file: /rhome/forystmj/CS256-project/vivado.log
# Journal file: /rhome/forystmj/CS256-project/vivado.jou
#-----------------------------------------------------------
start_gui
open_project /rhome/forystmj/CS256-project/CS256-project.xpr
Scanning sources...
Finished scanning sources
INFO: [IP_Flow 19-234] Refreshing IP repositories
INFO: [IP_Flow 19-1704] No user IP repositories specified
INFO: [IP_Flow 19-2313] Loaded Vivado IP repository '/sw/workstations/apps/linux-ubuntu20.04-broadwell/xilinx/2020.2/gcc-9.3.0/u6ynmf6wlzv3korshbgj5smxvcsywk2v/Vivado/2020.2/data/ip'.
INFO: [IP_Flow 19-3899] Cannot get the environment domain name variable for the component vendor name. Setting the vendor name to 'user.org'.
open_project: Time (s): cpu = 00:00:23 ; elapsed = 00:00:07 . Memory (MB): peak = 7569.590 ; gain = 72.223 ; free physical = 1346177 ; free virtual = 1487775
update_compile_order -fileset sources_1
