Copyright 1986-2020 Xilinx, Inc. All Rights Reserved.
----------------------------------------------------------------------------------------------------------------------------------------------
| Tool Version     : Vivado v.2020.2 (lin64) Build 3064766 Wed Nov 18 09:12:47 MST 2020
| Date             : Thu Nov 23 01:50:18 2023
| Host             : 8d920e292c80 running 64-bit Ubuntu 20.04.6 LTS
| Command          : report_power -file game_top_power_routed.rpt -pb game_top_power_summary_routed.pb -rpx game_top_power_routed.rpx
| Design           : game_top
| Device           : xc7a100tcsg324-1
| Design State     : routed
| Grade            : commercial
| Process          : typical
| Characterization : Production
----------------------------------------------------------------------------------------------------------------------------------------------

Power Report

Table of Contents
-----------------
1. Summary
1.1 On-Chip Components
1.2 Power Supply Summary
1.3 Confidence Level
2. Settings
2.1 Environment
2.2 Clock Constraints
3. Detailed Reports
3.1 By Hierarchy

1. Summary
----------

+--------------------------+--------------+
| Total On-Chip Power (W)  | 0.348        |
| Design Power Budget (W)  | Unspecified* |
| Power Budget Margin (W)  | NA           |
| Dynamic (W)              | 0.250        |
| Device Static (W)        | 0.098        |
| Effective TJA (C/W)      | 4.6          |
| Max Ambient (C)          | 83.4         |
| Junction Temperature (C) | 26.6         |
| Confidence Level         | Low          |
| Setting File             | ---          |
| Simulation Activity File | ---          |
| Design Nets Matched      | NA           |
+--------------------------+--------------+
* Specify Design Power Budget using, set_operating_conditions -design_power_budget <value in Watts>


1.1 On-Chip Components
----------------------

+----------------+-----------+----------+-----------+-----------------+
| On-Chip        | Power (W) | Used     | Available | Utilization (%) |
+----------------+-----------+----------+-----------+-----------------+
| Clocks         |    <0.001 |        6 |       --- |             --- |
| Slice Logic    |     0.095 |    42238 |       --- |             --- |
|   LUT as Logic |     0.092 |    22076 |     63400 |           34.82 |
|   CARRY4       |     0.002 |     4741 |     15850 |           29.91 |
|   Register     |    <0.001 |     3271 |    126800 |            2.58 |
|   BUFG         |    <0.001 |        1 |        32 |            3.13 |
|   Others       |     0.000 |      166 |       --- |             --- |
| Signals        |     0.058 |    14239 |       --- |             --- |
| MMCM           |     0.094 |        1 |         6 |           16.67 |
| I/O            |     0.003 |       21 |       210 |           10.00 |
| Static Power   |     0.098 |          |           |                 |
| Total          |     0.348 |          |           |                 |
+----------------+-----------+----------+-----------+-----------------+


1.2 Power Supply Summary
------------------------

+-----------+-------------+-----------+-------------+------------+-------------+-------------+------------+
| Source    | Voltage (V) | Total (A) | Dynamic (A) | Static (A) | Powerup (A) | Budget (A)  | Margin (A) |
+-----------+-------------+-----------+-------------+------------+-------------+-------------+------------+
| Vccint    |       1.000 |     0.169 |       0.154 |      0.016 |       NA    | Unspecified | NA         |
| Vccaux    |       1.800 |     0.070 |       0.052 |      0.018 |       NA    | Unspecified | NA         |
| Vcco33    |       3.300 |     0.005 |       0.001 |      0.004 |       NA    | Unspecified | NA         |
| Vcco25    |       2.500 |     0.000 |       0.000 |      0.000 |       NA    | Unspecified | NA         |
| Vcco18    |       1.800 |     0.000 |       0.000 |      0.000 |       NA    | Unspecified | NA         |
| Vcco15    |       1.500 |     0.000 |       0.000 |      0.000 |       NA    | Unspecified | NA         |
| Vcco135   |       1.350 |     0.000 |       0.000 |      0.000 |       NA    | Unspecified | NA         |
| Vcco12    |       1.200 |     0.000 |       0.000 |      0.000 |       NA    | Unspecified | NA         |
| Vccaux_io |       1.800 |     0.000 |       0.000 |      0.000 |       NA    | Unspecified | NA         |
| Vccbram   |       1.000 |     0.000 |       0.000 |      0.000 |       NA    | Unspecified | NA         |
| MGTAVcc   |       1.000 |     0.000 |       0.000 |      0.000 |       NA    | Unspecified | NA         |
| MGTAVtt   |       1.200 |     0.000 |       0.000 |      0.000 |       NA    | Unspecified | NA         |
| Vccadc    |       1.800 |     0.020 |       0.000 |      0.020 |       NA    | Unspecified | NA         |
+-----------+-------------+-----------+-------------+------------+-------------+-------------+------------+


1.3 Confidence Level
--------------------

+-----------------------------+------------+--------------------------------------------------------+--------------------------------------------------------------------------------------------------------------------+
| User Input Data             | Confidence | Details                                                | Action                                                                                                             |
+-----------------------------+------------+--------------------------------------------------------+--------------------------------------------------------------------------------------------------------------------+
| Design implementation state | High       | Design is routed                                       |                                                                                                                    |
| Clock nodes activity        | Low        | User specified less than 75% of clocks                 | Provide missing clock activity with a constraint file, simulation results or by editing the "By Clock Domain" view |
| I/O nodes activity          | Low        | More than 75% of inputs are missing user specification | Provide missing input activity with simulation results or by editing the "By Resource Type -> I/Os" view           |
| Internal nodes activity     | Medium     | User specified less than 25% of internal nodes         | Provide missing internal nodes activity with simulation results or by editing the "By Resource Type" views         |
| Device models               | High       | Device models are Production                           |                                                                                                                    |
|                             |            |                                                        |                                                                                                                    |
| Overall confidence level    | Low        |                                                        |                                                                                                                    |
+-----------------------------+------------+--------------------------------------------------------+--------------------------------------------------------------------------------------------------------------------+


2. Settings
-----------

2.1 Environment
---------------

+-----------------------+--------------------------+
| Ambient Temp (C)      | 25.0                     |
| ThetaJA (C/W)         | 4.6                      |
| Airflow (LFM)         | 250                      |
| Heat Sink             | medium (Medium Profile)  |
| ThetaSA (C/W)         | 4.6                      |
| Board Selection       | medium (10"x10")         |
| # of Board Layers     | 12to15 (12 to 15 Layers) |
| Board Temperature (C) | 25.0                     |
+-----------------------+--------------------------+


2.2 Clock Constraints
---------------------

+--------------------+--------------------------------------+-----------------+
| Clock              | Domain                               | Constraint (ns) |
+--------------------+--------------------------------------+-----------------+
| clk                | clk                                  |            10.0 |
| clk_out1_clk_wiz_0 | clock_wizard/inst/clk_out1_clk_wiz_0 |            12.0 |
| clk_out2_clk_wiz_0 | clock_wizard/inst/clk_out2_clk_wiz_0 |           211.6 |
| clkfbout_clk_wiz_0 | clock_wizard/inst/clkfbout_clk_wiz_0 |            50.0 |
+--------------------+--------------------------------------+-----------------+


3. Detailed Reports
-------------------

3.1 By Hierarchy
----------------

+--------------------------------+-----------+
| Name                           | Power (W) |
+--------------------------------+-----------+
| game_top                       |     0.250 |
|   clock_wizard                 |     0.094 |
|     inst                       |     0.094 |
|   genblk1[0].genblk1[0].bullet |     0.002 |
|   genblk1[0].genblk1[1].bullet |     0.002 |
|   genblk1[0].genblk1[2].bullet |     0.002 |
|   genblk1[0].genblk1[3].bullet |     0.002 |
|   genblk1[1].genblk1[0].bullet |     0.003 |
|   genblk1[1].genblk1[1].bullet |     0.002 |
|   genblk1[1].genblk1[2].bullet |     0.002 |
|   genblk1[1].genblk1[3].bullet |     0.002 |
|   genblk1[2].genblk1[0].bullet |     0.003 |
|   genblk1[2].genblk1[1].bullet |     0.003 |
|   genblk1[2].genblk1[2].bullet |     0.003 |
|   genblk1[2].genblk1[3].bullet |     0.003 |
|   genblk1[3].genblk1[0].bullet |     0.002 |
|   genblk1[3].genblk1[1].bullet |     0.002 |
|   genblk1[3].genblk1[2].bullet |     0.002 |
|   genblk1[3].genblk1[3].bullet |     0.002 |
|   genblk2[0].genblk1[0].enemy  |     0.002 |
|   genblk2[0].genblk1[10].enemy |     0.002 |
|   genblk2[0].genblk1[11].enemy |     0.002 |
|   genblk2[0].genblk1[12].enemy |     0.002 |
|   genblk2[0].genblk1[13].enemy |     0.002 |
|   genblk2[0].genblk1[14].enemy |     0.002 |
|   genblk2[0].genblk1[15].enemy |     0.002 |
|   genblk2[0].genblk1[1].enemy  |     0.002 |
|   genblk2[0].genblk1[2].enemy  |     0.002 |
|   genblk2[0].genblk1[3].enemy  |     0.002 |
|   genblk2[0].genblk1[4].enemy  |     0.002 |
|   genblk2[0].genblk1[5].enemy  |     0.002 |
|   genblk2[0].genblk1[6].enemy  |     0.002 |
|   genblk2[0].genblk1[7].enemy  |     0.002 |
|   genblk2[0].genblk1[8].enemy  |     0.002 |
|   genblk2[0].genblk1[9].enemy  |     0.002 |
|   genblk2[1].genblk1[0].enemy  |     0.002 |
|   genblk2[1].genblk1[10].enemy |     0.002 |
|   genblk2[1].genblk1[11].enemy |     0.002 |
|   genblk2[1].genblk1[12].enemy |     0.002 |
|   genblk2[1].genblk1[13].enemy |     0.002 |
|   genblk2[1].genblk1[14].enemy |     0.002 |
|   genblk2[1].genblk1[15].enemy |     0.002 |
|   genblk2[1].genblk1[1].enemy  |     0.002 |
|   genblk2[1].genblk1[2].enemy  |     0.002 |
|   genblk2[1].genblk1[3].enemy  |     0.002 |
|   genblk2[1].genblk1[4].enemy  |     0.002 |
|   genblk2[1].genblk1[5].enemy  |     0.002 |
|   genblk2[1].genblk1[6].enemy  |     0.002 |
|   genblk2[1].genblk1[7].enemy  |     0.002 |
|   genblk2[1].genblk1[8].enemy  |     0.002 |
|   genblk2[1].genblk1[9].enemy  |     0.002 |
|   genblk2[2].genblk1[0].enemy  |     0.001 |
|   genblk2[2].genblk1[10].enemy |     0.001 |
|   genblk2[2].genblk1[11].enemy |     0.001 |
|   genblk2[2].genblk1[12].enemy |     0.002 |
|   genblk2[2].genblk1[13].enemy |     0.002 |
|   genblk2[2].genblk1[14].enemy |     0.002 |
|   genblk2[2].genblk1[15].enemy |     0.002 |
|   genblk2[2].genblk1[1].enemy  |     0.002 |
|   genblk2[2].genblk1[2].enemy  |     0.002 |
|   genblk2[2].genblk1[3].enemy  |     0.002 |
|   genblk2[2].genblk1[4].enemy  |     0.001 |
|   genblk2[2].genblk1[5].enemy  |     0.002 |
|   genblk2[2].genblk1[6].enemy  |     0.002 |
|   genblk2[2].genblk1[7].enemy  |     0.002 |
|   genblk2[2].genblk1[8].enemy  |     0.002 |
|   genblk2[2].genblk1[9].enemy  |     0.002 |
|   genblk2[3].genblk1[0].enemy  |     0.002 |
|   genblk2[3].genblk1[10].enemy |     0.002 |
|   genblk2[3].genblk1[11].enemy |     0.002 |
|   genblk2[3].genblk1[12].enemy |     0.002 |
|   genblk2[3].genblk1[13].enemy |     0.002 |
|   genblk2[3].genblk1[14].enemy |     0.002 |
|   genblk2[3].genblk1[15].enemy |     0.002 |
|   genblk2[3].genblk1[1].enemy  |     0.002 |
|   genblk2[3].genblk1[2].enemy  |     0.002 |
|   genblk2[3].genblk1[3].enemy  |     0.002 |
|   genblk2[3].genblk1[4].enemy  |     0.002 |
|   genblk2[3].genblk1[5].enemy  |     0.002 |
|   genblk2[3].genblk1[6].enemy  |     0.002 |
|   genblk2[3].genblk1[7].enemy  |     0.002 |
|   genblk2[3].genblk1[8].enemy  |     0.002 |
|   genblk2[3].genblk1[9].enemy  |     0.002 |
|   vga                          |     0.008 |
+--------------------------------+-----------+


