Copyright 1986-2020 Xilinx, Inc. All Rights Reserved.
-----------------------------------------------------------------------------------------------------------
| Tool Version : Vivado v.2020.2 (lin64) Build 3064766 Wed Nov 18 09:12:47 MST 2020
| Date         : Thu Nov 30 12:18:10 2023
| Host         : 25da8ddd604d running 64-bit Ubuntu 20.04.6 LTS
| Command      : report_utilization -file game_top_utilization_synth.rpt -pb game_top_utilization_synth.pb
| Design       : game_top
| Device       : 7a100tcsg324-1
| Design State : Synthesized
-----------------------------------------------------------------------------------------------------------

Utilization Design Information

Table of Contents
-----------------
1. Slice Logic
1.1 Summary of Registers by Type
2. Memory
3. DSP
4. IO and GT Specific
5. Clocking
6. Specific Feature
7. Primitives
8. Black Boxes
9. Instantiated Netlists

1. Slice Logic
--------------

+-------------------------+-------+-------+-----------+-------+
|        Site Type        |  Used | Fixed | Available | Util% |
+-------------------------+-------+-------+-----------+-------+
| Slice LUTs*             | 19457 |     0 |     63400 | 30.69 |
|   LUT as Logic          | 19457 |     0 |     63400 | 30.69 |
|   LUT as Memory         |     0 |     0 |     19000 |  0.00 |
| Slice Registers         |  6735 |     0 |    126800 |  5.31 |
|   Register as Flip Flop |  6664 |     0 |    126800 |  5.26 |
|   Register as Latch     |    71 |     0 |    126800 |  0.06 |
| F7 Muxes                |     0 |     0 |     31700 |  0.00 |
| F8 Muxes                |     0 |     0 |     15850 |  0.00 |
+-------------------------+-------+-------+-----------+-------+
* Warning! The Final LUT count, after physical optimizations and full implementation, is typically lower. Run opt_design after synthesis, if not already completed, for a more realistic count.


1.1 Summary of Registers by Type
--------------------------------

+-------+--------------+-------------+--------------+
| Total | Clock Enable | Synchronous | Asynchronous |
+-------+--------------+-------------+--------------+
| 0     |            _ |           - |            - |
| 0     |            _ |           - |          Set |
| 0     |            _ |           - |        Reset |
| 0     |            _ |         Set |            - |
| 0     |            _ |       Reset |            - |
| 0     |          Yes |           - |            - |
| 0     |          Yes |           - |          Set |
| 71    |          Yes |           - |        Reset |
| 1270  |          Yes |         Set |            - |
| 5394  |          Yes |       Reset |            - |
+-------+--------------+-------------+--------------+


2. Memory
---------

+-------------------+------+-------+-----------+-------+
|     Site Type     | Used | Fixed | Available | Util% |
+-------------------+------+-------+-----------+-------+
| Block RAM Tile    |   91 |     0 |       135 | 67.41 |
|   RAMB36/FIFO*    |   59 |     0 |       135 | 43.70 |
|     RAMB36E1 only |   59 |       |           |       |
|   RAMB18          |   64 |     0 |       270 | 23.70 |
|     RAMB18E1 only |   64 |       |           |       |
+-------------------+------+-------+-----------+-------+
* Note: Each Block RAM Tile only has one FIFO logic available and therefore can accommodate only one FIFO36E1 or one FIFO18E1. However, if a FIFO18E1 occupies a Block RAM Tile, that tile can still accommodate a RAMB18E1


3. DSP
------

+----------------+------+-------+-----------+-------+
|    Site Type   | Used | Fixed | Available | Util% |
+----------------+------+-------+-----------+-------+
| DSPs           |   54 |     0 |       240 | 22.50 |
|   DSP48E1 only |   54 |       |           |       |
+----------------+------+-------+-----------+-------+


4. IO and GT Specific
---------------------

+-----------------------------+------+-------+-----------+-------+
|          Site Type          | Used | Fixed | Available | Util% |
+-----------------------------+------+-------+-----------+-------+
| Bonded IOB                  |   35 |     0 |       210 | 16.67 |
| Bonded IPADs                |    0 |     0 |         2 |  0.00 |
| PHY_CONTROL                 |    0 |     0 |         6 |  0.00 |
| PHASER_REF                  |    0 |     0 |         6 |  0.00 |
| OUT_FIFO                    |    0 |     0 |        24 |  0.00 |
| IN_FIFO                     |    0 |     0 |        24 |  0.00 |
| IDELAYCTRL                  |    0 |     0 |         6 |  0.00 |
| IBUFDS                      |    0 |     0 |       202 |  0.00 |
| PHASER_OUT/PHASER_OUT_PHY   |    0 |     0 |        24 |  0.00 |
| PHASER_IN/PHASER_IN_PHY     |    0 |     0 |        24 |  0.00 |
| IDELAYE2/IDELAYE2_FINEDELAY |    0 |     0 |       300 |  0.00 |
| ILOGIC                      |    0 |     0 |       210 |  0.00 |
| OLOGIC                      |    0 |     0 |       210 |  0.00 |
+-----------------------------+------+-------+-----------+-------+


5. Clocking
-----------

+------------+------+-------+-----------+-------+
|  Site Type | Used | Fixed | Available | Util% |
+------------+------+-------+-----------+-------+
| BUFGCTRL   |    3 |     0 |        32 |  9.38 |
| BUFIO      |    0 |     0 |        24 |  0.00 |
| MMCME2_ADV |    0 |     0 |         6 |  0.00 |
| PLLE2_ADV  |    0 |     0 |         6 |  0.00 |
| BUFMRCE    |    0 |     0 |        12 |  0.00 |
| BUFHCE     |    0 |     0 |        96 |  0.00 |
| BUFR       |    0 |     0 |        24 |  0.00 |
+------------+------+-------+-----------+-------+


6. Specific Feature
-------------------

+-------------+------+-------+-----------+-------+
|  Site Type  | Used | Fixed | Available | Util% |
+-------------+------+-------+-----------+-------+
| BSCANE2     |    0 |     0 |         4 |  0.00 |
| CAPTUREE2   |    0 |     0 |         1 |  0.00 |
| DNA_PORT    |    0 |     0 |         1 |  0.00 |
| EFUSE_USR   |    0 |     0 |         1 |  0.00 |
| FRAME_ECCE2 |    0 |     0 |         1 |  0.00 |
| ICAPE2      |    0 |     0 |         2 |  0.00 |
| PCIE_2_1    |    0 |     0 |         1 |  0.00 |
| STARTUPE2   |    0 |     0 |         1 |  0.00 |
| XADC        |    0 |     0 |         1 |  0.00 |
+-------------+------+-------+-----------+-------+


7. Primitives
-------------

+----------+-------+---------------------+
| Ref Name |  Used | Functional Category |
+----------+-------+---------------------+
| LUT4     | 10303 |                 LUT |
| LUT2     |  6443 |                 LUT |
| FDRE     |  5394 |        Flop & Latch |
| CARRY4   |  5123 |          CarryLogic |
| LUT6     |  4687 |                 LUT |
| LUT5     |  3848 |                 LUT |
| LUT3     |  3628 |                 LUT |
| FDSE     |  1270 |        Flop & Latch |
| LUT1     |   392 |                 LUT |
| LDCE     |    71 |        Flop & Latch |
| RAMB18E1 |    64 |        Block Memory |
| RAMB36E1 |    59 |        Block Memory |
| DSP48E1  |    54 |    Block Arithmetic |
| OBUF     |    29 |                  IO |
| IBUF     |     6 |                  IO |
| BUFG     |     3 |               Clock |
+----------+-------+---------------------+


8. Black Boxes
--------------

+-----------+------+
|  Ref Name | Used |
+-----------+------+
| clk_wiz_0 |    1 |
+-----------+------+


9. Instantiated Netlists
------------------------

+----------+------+
| Ref Name | Used |
+----------+------+


